<?xml version="1.0" encoding="UTF-8"?>
<!-- Generated by org.testng.reporters.JUnitReportReporter -->
<testsuite hostname="DESKTOP-KCO1LBM" failures="0" tests="1" name="testCases.TC002_LoginTest" time="1.543" errors="0" timestamp="2025-02-23T14:20:49 IST" skipped="0">
  <testcase classname="testCases.TC002_LoginTest" name="verify_login" time="1.543"/>
</testsuite> <!-- testCases.TC002_LoginTest -->
